<?xml version="1.0" encoding="UTF-8"?>
<!-- Generated by org.testng.reporters.JUnitReportReporter -->
<testsuite hostname="DESKTOP-6MOQP7L" name="sm.api.test.SMServiceTest" tests="1" failures="0" timestamp="27 Aug 2022 08:47:34 GMT" time="98.198" errors="0">
  <testcase name="storeAllGameworld" time="98.198" classname="sm.api.test.SMServiceTest"/>
</testsuite> <!-- sm.api.test.SMServiceTest -->
