<?xml version="1.0" encoding="UTF-8"?>
<!-- Generated by org.testng.reporters.JUnitReportReporter -->
<testsuite hostname="DESKTOP-6MOQP7L" name="sm.api.test.SMServiceTest" tests="1" failures="0" timestamp="4 Oct 2022 16:29:41 GMT" time="3043.459" errors="0">
  <testcase name="GetClubs" time="3043.459" classname="sm.api.test.SMServiceTest"/>
</testsuite> <!-- sm.api.test.SMServiceTest -->
