<?xml version="1.0" encoding="UTF-8"?>
<!-- Generated by org.testng.reporters.JUnitReportReporter -->
<testsuite hostname="DESKTOP-6MOQP7L" name="sm.api.test.SMServiceTest" tests="1" failures="0" timestamp="21 Aug 2022 08:13:18 GMT" time="4.905" errors="0">
  <testcase name="test1" time="4.905" classname="sm.api.test.SMServiceTest"/>
</testsuite> <!-- sm.api.test.SMServiceTest -->
