<?xml version="1.0" encoding="UTF-8"?>
<!-- Generated by org.testng.reporters.JUnitReportReporter -->
<testsuite hostname="DESKTOP-6MOQP7L" name="sm.api.test.SMServiceTest" tests="2" failures="0" timestamp="1 Oct 2022 20:44:57 GMT" time="3036.315" errors="0">
  <testcase name="parseGWRecords" time="0.297" classname="sm.api.test.SMServiceTest"/>
  <testcase name="GetClubs" time="3036.018" classname="sm.api.test.SMServiceTest"/>
</testsuite> <!-- sm.api.test.SMServiceTest -->
