<?xml version="1.0" encoding="UTF-8"?>
<!-- Generated by org.testng.reporters.JUnitReportReporter -->
<testsuite hostname="DESKTOP-6MOQP7L" name="sm.api.test.SMServiceTest" tests="1" failures="0" timestamp="5 Oct 2022 07:48:53 GMT" time="3040.632" errors="0">
  <testcase name="GetClubs" time="3040.632" classname="sm.api.test.SMServiceTest"/>
</testsuite> <!-- sm.api.test.SMServiceTest -->
